<?xml version="1.0" encoding="UTF-8"?>
<!-- Generated by org.testng.reporters.JUnitReportReporter -->
<testsuite hostname="DESKTOP-GGQ6OF8" failures="0" tests="1" name="call.Stop" time="94.589" errors="0" timestamp="2023-07-29T21:43:39 IST" skipped="0">
  <testcase classname="call.Stop" name="verifyflipkart" time="94.589"/>
</testsuite> <!-- call.Stop -->
