<?xml version="1.0" encoding="UTF-8"?>
<!-- Generated by org.testng.reporters.JUnitReportReporter -->
<testsuite hostname="DESKTOP-GGQ6OF8" failures="0" tests="1" name="call.Newcall" time="108.613" errors="0" timestamp="2023-07-29T21:43:39 IST" skipped="0">
  <testcase classname="call.Newcall" name="verifycall" time="108.613"/>
</testsuite> <!-- call.Newcall -->
